[2023-03-10 10:49:09] [FINE   ] START EXECUTION
 
[2023-03-10 10:49:09] [FINE   ] Appium driver located in: http://127.0.0.1:4723/wd/hub 
[2023-03-10 10:49:16] [FINE   ] Device: Google Android SDK built for x86 
[2023-03-10 10:49:16] [FINE   ] Platform: Android 10 
[2023-03-10 10:49:16] [FINE   ] API Level: 29
 
[2023-03-10 10:49:16] [FINE   ] Device UDID: null 
[2023-03-10 10:49:16] [FINE   ] START SCENARIO EXECUTION: Done unlocked 
[2023-03-10 10:49:18] [FINE   ] ----STEP----: I_OPEN_THE_APP 
[2023-03-10 10:49:18] [FINE   ] ----STEP----: I_CLICK_ON 
[2023-03-10 10:49:18] [FINE   ] Start: Click on section: Headlines 
[2023-03-10 10:49:20] [FINE   ] ----STEP----: DONE_UNLOCKED 
[2023-03-10 10:49:20] [FINE   ] END SCENARIO EXECUTION: Done unlocked

 
[2023-03-10 10:49:20] [FINE   ] START SCENARIO EXECUTION: Done unlocked 
[2023-03-10 10:49:22] [FINE   ] ----STEP----: I_OPEN_THE_APP 
[2023-03-10 10:49:22] [FINE   ] ----STEP----: I_CLICK_ON 
[2023-03-10 10:49:22] [FINE   ] Start: Click on section: UI 
[2023-03-10 10:49:23] [FINE   ] ----STEP----: DONE_UNLOCKED 
[2023-03-10 10:49:24] [FINE   ] END SCENARIO EXECUTION: Done unlocked

 
[2023-03-10 10:49:24] [FINE   ] START SCENARIO EXECUTION: Done unlocked 
[2023-03-10 10:49:25] [FINE   ] ----STEP----: I_OPEN_THE_APP 
[2023-03-10 10:49:25] [FINE   ] ----STEP----: I_CLICK_ON 
[2023-03-10 10:49:25] [FINE   ] Start: Click on section: Compose 
[2023-03-10 10:49:26] [FINE   ] ----STEP----: DONE_UNLOCKED 
[2023-03-10 10:49:27] [FINE   ] END SCENARIO EXECUTION: Done unlocked

 
[2023-03-10 10:49:27] [FINE   ] START SCENARIO EXECUTION: Settings displayed 
[2023-03-10 10:49:29] [FINE   ] ----STEP----: I_OPEN_THE_APP 
[2023-03-10 10:49:29] [FINE   ] ----STEP----: I_CLICK_ON_SETTINGS 
[2023-03-10 10:49:29] [FINE   ] Start: Click on Settings 
[2023-03-10 10:49:31] [FINE   ] ----STEP----: SECTIONS_IN_SETTINGS 
[2023-03-10 10:49:32] [FINE   ] END SCENARIO EXECUTION: Settings displayed

 
[2023-03-10 10:49:33] [FINE   ] END EXECUTION
 
