[2024-04-19 12:22:38] [FINE   ] START EXECUTION
 
[2024-04-19 12:22:38] [FINE   ] START SCENARIO EXECUTION: Done unlocked 
[2024-04-19 12:22:54] [FINE   ] Device: Google sdk_gphone64_x86_64 
[2024-04-19 12:22:54] [FINE   ] Platform: ANDROID 12 
[2024-04-19 12:22:54] [FINE   ] API Level: 31
 
[2024-04-19 12:22:55] [FINE   ] ----STEP----: I_OPEN_THE_APP 
[2024-04-19 12:22:55] [FINE   ] ----STEP----: I_CLICK_ON 
[2024-04-19 12:22:55] [FINE   ] Start: Click on section: Headlines 
[2024-04-19 12:22:56] [FINE   ] ----STEP----: DONE_UNLOCKED 
[2024-04-19 12:22:58] [FINE   ] END SCENARIO EXECUTION: Done unlocked

 
[2024-04-19 12:22:58] [FINE   ] START SCENARIO EXECUTION: Done unlocked 
[2024-04-19 12:22:59] [FINE   ] ----STEP----: I_OPEN_THE_APP 
[2024-04-19 12:22:59] [FINE   ] ----STEP----: I_CLICK_ON 
[2024-04-19 12:22:59] [FINE   ] Start: Click on section: UI 
[2024-04-19 12:23:01] [FINE   ] ----STEP----: DONE_UNLOCKED 
[2024-04-19 12:23:03] [FINE   ] END SCENARIO EXECUTION: Done unlocked

 
[2024-04-19 12:23:03] [FINE   ] START SCENARIO EXECUTION: Done unlocked 
[2024-04-19 12:23:03] [FINE   ] ----STEP----: I_OPEN_THE_APP 
[2024-04-19 12:23:03] [FINE   ] ----STEP----: I_CLICK_ON 
[2024-04-19 12:23:03] [FINE   ] Start: Click on section: Compose 
[2024-04-19 12:23:06] [FINE   ] ----STEP----: DONE_UNLOCKED 
[2024-04-19 12:23:07] [FINE   ] END SCENARIO EXECUTION: Done unlocked

 
[2024-04-19 12:23:07] [FINE   ] START SCENARIO EXECUTION: Settings displayed 
[2024-04-19 12:23:07] [FINE   ] ----STEP----: I_OPEN_THE_APP 
[2024-04-19 12:23:07] [FINE   ] ----STEP----: I_CLICK_ON_SETTINGS 
[2024-04-19 12:23:07] [FINE   ] Start: Click on Settings 
[2024-04-19 12:23:10] [FINE   ] ----STEP----: SECTIONS_IN_SETTINGS 
[2024-04-19 12:23:11] [FINE   ] END SCENARIO EXECUTION: Settings displayed

 
[2024-04-19 12:23:14] [FINE   ] END EXECUTION
 
