[2023-03-10 11:13:10] [FINE   ] START EXECUTION
 
[2023-03-10 11:13:10] [FINE   ] START SCENARIO EXECUTION: Done unlocked 
[2023-03-10 11:13:17] [FINE   ] Device: Google Android SDK built for x86 
[2023-03-10 11:13:17] [FINE   ] Platform: Android 10 
[2023-03-10 11:13:17] [FINE   ] API Level: 29
 
[2023-03-10 11:13:19] [FINE   ] ----STEP----: I_OPEN_THE_APP 
[2023-03-10 11:13:19] [FINE   ] ----STEP----: I_CLICK_ON 
[2023-03-10 11:13:19] [FINE   ] Start: Click on section: Headlines 
[2023-03-10 11:13:21] [FINE   ] ----STEP----: DONE_UNLOCKED 
[2023-03-10 11:13:22] [FINE   ] END SCENARIO EXECUTION: Done unlocked

 
[2023-03-10 11:13:22] [FINE   ] START SCENARIO EXECUTION: Done unlocked 
[2023-03-10 11:13:23] [FINE   ] ----STEP----: I_OPEN_THE_APP 
[2023-03-10 11:13:23] [FINE   ] ----STEP----: I_CLICK_ON 
[2023-03-10 11:13:23] [FINE   ] Start: Click on section: UI 
[2023-03-10 11:13:26] [FINE   ] ----STEP----: DONE_UNLOCKED 
[2023-03-10 11:13:26] [FINE   ] END SCENARIO EXECUTION: Done unlocked

 
[2023-03-10 11:13:26] [FINE   ] START SCENARIO EXECUTION: Done unlocked 
[2023-03-10 11:13:27] [FINE   ] ----STEP----: I_OPEN_THE_APP 
[2023-03-10 11:13:27] [FINE   ] ----STEP----: I_CLICK_ON 
[2023-03-10 11:13:27] [FINE   ] Start: Click on section: Compose 
[2023-03-10 11:13:30] [FINE   ] ----STEP----: DONE_UNLOCKED 
[2023-03-10 11:13:30] [FINE   ] END SCENARIO EXECUTION: Done unlocked

 
[2023-03-10 11:13:30] [FINE   ] START SCENARIO EXECUTION: Settings displayed 
[2023-03-10 11:13:33] [FINE   ] ----STEP----: I_OPEN_THE_APP 
[2023-03-10 11:13:33] [FINE   ] ----STEP----: I_CLICK_ON_SETTINGS 
[2023-03-10 11:13:33] [FINE   ] Start: Click on Settings 
[2023-03-10 11:13:35] [FINE   ] ----STEP----: SECTIONS_IN_SETTINGS 
[2023-03-10 11:13:36] [FINE   ] END SCENARIO EXECUTION: Settings displayed

 
[2023-03-10 11:13:37] [FINE   ] END EXECUTION
 
